<?xml version="1.0" encoding="UTF-8"?>
<testsuite name="de.drtodolittle.RouteTest" time="63.131" tests="1" errors="1" skipped="0" failures="0">
  <properties>
[...]
</properties>
  <testcase name="testRoute" classname="de.drtodolittle.RouteTest" time="63.131">
    <error message="Gave up waiting for service (objectClass=org.apache.camel.CamelContext)" type="java.lang.RuntimeException">java.lang.RuntimeException: Gave up waiting for service (objectClass=org.apache.camel.CamelContext)
	at org.apache.camel.test.blueprint.CamelBlueprintHelper.getOsgiService(CamelBlueprintHelper.java:265)
	at org.apache.camel.test.blueprint.CamelBlueprintHelper.getOsgiService(CamelBlueprintHelper.java:226)
	at org.apache.camel.test.blueprint.CamelBlueprintTestSupport.createCamelContext(CamelBlueprintTestSupport.java:441)
	at org.apache.camel.test.junit4.CamelTestSupport.doSetUp(CamelTestSupport.java:270)
	at org.apache.camel.test.junit4.CamelTestSupport.setUp(CamelTestSupport.java:238)
	at org.apache.camel.test.blueprint.CamelBlueprintTestSupport.setUp(CamelBlueprintTestSupport.java:213)
	at sun.reflect.NativeMethodAccessorImpl.invoke0(Native Method)
	at sun.reflect.NativeMethodAccessorImpl.invoke(NativeMethodAccessorImpl.java:62)
	at sun.reflect.DelegatingMethodAccessorImpl.invoke(DelegatingMethodAccessorImpl.java:43)
	at java.lang.reflect.Method.invoke(Method.java:497)
	at org.junit.runners.model.FrameworkMethod$1.runReflectiveCall(FrameworkMethod.java:47)
	at org.junit.internal.runners.model.ReflectiveCallable.run(ReflectiveCallable.java:12)
	at org.junit.runners.model.FrameworkMethod.invokeExplosively(FrameworkMethod.java:44)
	at org.junit.internal.runners.statements.RunBefores.evaluate(RunBefores.java:24)
	at org.junit.internal.runners.statements.RunAfters.evaluate(RunAfters.java:27)
	at org.junit.rules.TestWatcher$1.evaluate(TestWatcher.java:55)
	at org.junit.rules.TestWatcher$1.evaluate(TestWatcher.java:55)
	at org.junit.rules.RunRules.evaluate(RunRules.java:20)
	at org.junit.runners.ParentRunner.runLeaf(ParentRunner.java:271)
	at org.junit.runners.BlockJUnit4ClassRunner.runChild(BlockJUnit4ClassRunner.java:70)
	at org.junit.runners.BlockJUnit4ClassRunner.runChild(BlockJUnit4ClassRunner.java:50)
	at org.junit.runners.ParentRunner$3.run(ParentRunner.java:238)
	at org.junit.runners.ParentRunner$1.schedule(ParentRunner.java:63)
	at org.junit.runners.ParentRunner.runChildren(ParentRunner.java:236)
	at org.junit.runners.ParentRunner.access$000(ParentRunner.java:53)
	at org.junit.runners.ParentRunner$2.evaluate(ParentRunner.java:229)
	at org.junit.internal.runners.statements.RunAfters.evaluate(RunAfters.java:27)
	at org.junit.runners.ParentRunner.run(ParentRunner.java:309)
	at org.apache.maven.surefire.junit4.JUnit4Provider.execute(JUnit4Provider.java:264)
	at org.apache.maven.surefire.junit4.JUnit4Provider.executeTestSet(JUnit4Provider.java:153)
	at org.apache.maven.surefire.junit4.JUnit4Provider.invoke(JUnit4Provider.java:124)
	at org.apache.maven.surefire.booter.ForkedBooter.invokeProviderInSameClassLoader(ForkedBooter.java:200)
	at org.apache.maven.surefire.booter.ForkedBooter.runSuitesInProcess(ForkedBooter.java:153)
	at org.apache.maven.surefire.booter.ForkedBooter.main(ForkedBooter.java:103)
</error>
    <system-out><![CDATA[[                          main] CamelBlueprintHelper           INFO  Using Blueprint XML file: /D:/Users/guenther_d/Privat/projekte/rest-api/target/classes/OSGI-INF/blueprint/blueprint.xml
[                      Thread-0] RawBuilder                     INFO  Copy thread finished.
[                          main] Activator                      INFO  Camel activator starting
[                          main] Activator                      INFO  Camel activator started
[         Blueprint Extender: 1] BlueprintContainerImpl         INFO  Bundle rest-api/1.0.0.SNAPSHOT is waiting for namespace handlers [http://camel.apache.org/schema/blueprint]
[         Blueprint Extender: 2] BlueprintContainerImpl         INFO  Bundle rest-api/1.0.0.SNAPSHOT is waiting for dependencies [(objectClass=org.osgi.service.http.HttpService)]
[         Blueprint Extender: 3] BlueprintContainerImpl         INFO  Bundle RouteTest/1.0.0 is waiting for dependencies [(objectClass=org.osgi.service.http.HttpService)]
[                          main] RouteTest                      INFO  ********************************************************************************
[                          main] RouteTest                      INFO  Testing: testRoute(de.drtodolittle.RouteTest)
[                          main] RouteTest                      INFO  ********************************************************************************
[                          main] CamelBlueprintHelper           WARN  Test bundle headers: Bundle-ManifestVersion=2, Bundle-Name=System Bundle, Bundle-SymbolicName=org.apache.felix.connect, Bundle-Vendor=Apache Software Foundation, Bundle-Version=0.0.0
[                          main] CamelBlueprintHelper           WARN  ServiceReference: [org.apache.aries.blueprint.NamespaceHandler], bundle: org.apache.aries.blueprint.core [15], symbolicName: org.apache.aries.blueprint.core
[                          main] CamelBlueprintHelper           WARN  ServiceReference: [org.apache.aries.blueprint.NamespaceHandler], bundle: org.apache.camel.camel-blueprint [5], symbolicName: org.apache.camel.camel-blueprint
[                          main] CamelBlueprintHelper           WARN  ServiceReference: [org.apache.camel.spi.TypeConverterLoader], bundle: org.apache.camel.camel-core [2], symbolicName: org.apache.camel.camel-core
[                          main] CamelBlueprintHelper           WARN  ServiceReference: [org.apache.camel.spi.DataFormatResolver], bundle: org.apache.camel.camel-core [2], symbolicName: org.apache.camel.camel-core
[                          main] CamelBlueprintHelper           WARN  ServiceReference: [org.osgi.service.cm.ConfigurationListener, org.apache.felix.fileinstall.ArtifactListener, org.apache.felix.fileinstall.ArtifactInstaller], bundle: org.apache.felix.fileinstall [29], symbolicName: org.apache.felix.fileinstall
[                          main] CamelBlueprintHelper           WARN  ServiceReference: [org.apache.aries.quiesce.participant.QuiesceParticipant], bundle: org.apache.aries.blueprint.core [15], symbolicName: org.apache.aries.blueprint.core
[                          main] CamelBlueprintHelper           WARN  ServiceReference: [org.apache.aries.blueprint.NamespaceHandler], bundle: org.apache.aries.blueprint.core [15], symbolicName: org.apache.aries.blueprint.core
[                          main] CamelBlueprintHelper           WARN  ServiceReference: [org.apache.aries.blueprint.NamespaceHandler], bundle: org.apache.aries.blueprint.core [15], symbolicName: org.apache.aries.blueprint.core
[                          main] CamelBlueprintHelper           WARN  ServiceReference: [org.apache.aries.blueprint.services.ParserService], bundle: org.apache.aries.blueprint.core [15], symbolicName: org.apache.aries.blueprint.core
[                          main] CamelBlueprintHelper           WARN  ServiceReference: [org.apache.aries.blueprint.services.BlueprintExtenderService], bundle: org.apache.aries.blueprint.core [15], symbolicName: org.apache.aries.blueprint.core
[                          main] CamelBlueprintHelper           WARN  ServiceReference: [org.apache.aries.blueprint.NamespaceHandler], bundle: org.apache.aries.blueprint.core [15], symbolicName: org.apache.aries.blueprint.core
[                          main] CamelBlueprintHelper           WARN  ServiceReference: [org.apache.aries.blueprint.NamespaceHandler], bundle: org.apache.aries.blueprint.core [15], symbolicName: org.apache.aries.blueprint.core
[                          main] CamelBlueprintHelper           WARN  ServiceReference: [org.osgi.service.blueprint.container.BlueprintContainer], bundle: org.apache.aries.blueprint.cm [17], symbolicName: org.apache.aries.blueprint.cm
[                          main] CamelBlueprintHelper           WARN  ServiceReference: [org.apache.aries.proxy.ProxyManager], bundle: org.apache.aries.proxy.impl [13], symbolicName: org.apache.aries.proxy.impl
[                          main] CamelBlueprintHelper           WARN  ServiceReference: [org.apache.aries.blueprint.NamespaceHandler], bundle: org.apache.aries.blueprint.cm [17], symbolicName: org.apache.aries.blueprint.cm
[                          main] CamelBlueprintHelper           WARN  ServiceReference: [org.apache.aries.blueprint.NamespaceHandler], bundle: org.apache.aries.blueprint.cm [17], symbolicName: org.apache.aries.blueprint.cm
[                          main] CamelBlueprintHelper           WARN  ServiceReference: [org.apache.aries.blueprint.NamespaceHandler], bundle: org.apache.aries.blueprint.cm [17], symbolicName: org.apache.aries.blueprint.cm
[                          main] CamelBlueprintHelper           WARN  ServiceReference: [org.osgi.service.cm.ConfigurationAdmin], bundle: org.apache.felix.configadmin [28], symbolicName: org.apache.felix.configadmin
[                          main] CamelBlueprintHelper           WARN  ServiceReference: [org.osgi.framework.hooks.bundle.EventHook], bundle: org.apache.aries.blueprint.core [15], symbolicName: org.apache.aries.blueprint.core
[                          main] CamelBlueprintHelper           WARN  ServiceReference: [org.apache.aries.blueprint.NamespaceHandler], bundle: org.apache.aries.blueprint.core [15], symbolicName: org.apache.aries.blueprint.core
[                          main] CamelBlueprintHelper           WARN  ServiceReference: [org.apache.camel.spi.ComponentResolver], bundle: org.apache.camel.camel-core [2], symbolicName: org.apache.camel.camel-core
[                          main] CamelBlueprintHelper           WARN  ServiceReference: [org.apache.aries.blueprint.NamespaceHandler], bundle: org.apache.aries.blueprint.cm [17], symbolicName: org.apache.aries.blueprint.cm
[                          main] CamelBlueprintHelper           WARN  ServiceReference: [org.osgi.service.startlevel.StartLevel], bundle: org.apache.felix.connect [0], symbolicName: org.apache.felix.connect
[                          main] CamelBlueprintHelper           WARN  ServiceReference: [org.apache.felix.cm.PersistenceManager], bundle: org.apache.felix.configadmin [28], symbolicName: org.apache.felix.configadmin
[                          main] CamelBlueprintHelper           WARN  ServiceReference: [org.osgi.service.blueprint.container.BlueprintContainer], bundle: org.apache.camel.camel-blueprint [5], symbolicName: org.apache.camel.camel-blueprint
[                          main] CamelBlueprintHelper           WARN  ServiceReference: [org.apache.camel.spi.LanguageResolver], bundle: org.apache.camel.camel-core [2], symbolicName: org.apache.camel.camel-core
[                          main] CamelBlueprintHelper           WARN  ServiceReference: [org.osgi.service.cm.ManagedServiceFactory], bundle: org.apache.felix.fileinstall [29], symbolicName: org.apache.felix.fileinstall
[                          main] CamelBlueprintHelper           WARN  ServiceReference: [org.osgi.service.url.URLStreamHandlerService], bundle: org.apache.felix.fileinstall [29], symbolicName: org.apache.felix.fileinstall
[                          main] CamelBlueprintHelper           WARN  ServiceReference: [org.apache.aries.blueprint.NamespaceHandler], bundle: org.apache.aries.blueprint.core [15], symbolicName: org.apache.aries.blueprint.core
[                          main] CamelBlueprintHelper           WARN  ServiceReference: [org.osgi.service.blueprint.container.BlueprintContainer], bundle: org.apache.aries.blueprint.core [15], symbolicName: org.apache.aries.blueprint.core
[                          main] CamelBlueprintHelper           WARN  ServiceReference: [org.osgi.service.packageadmin.PackageAdmin], bundle: org.apache.felix.connect [0], symbolicName: org.apache.felix.connect
[                          main] RouteTest                      INFO  ********************************************************************************
[                          main] RouteTest                      INFO  Testing done: testRoute(de.drtodolittle.RouteTest)
[                          main] RouteTest                      INFO  Took: 1 minute (63031 millis)
[                          main] RouteTest                      INFO  ********************************************************************************
[                          main] BlueprintExtender              INFO  Destroying BlueprintContainer for bundle RouteTest/1.0.0
[                          main] BlueprintExtender              INFO  Destroying BlueprintContainer for bundle org.apache.aries.blueprint.cm/1.0.6
[                          main] BlueprintExtender              INFO  Destroying BlueprintContainer for bundle rest-api/1.0.0.SNAPSHOT
[                          main] BlueprintExtender              INFO  Destroying BlueprintContainer for bundle org.apache.camel.camel-blueprint/2.16.0
[                          main] BlueprintExtender              INFO  Destroying BlueprintContainer for bundle org.apache.aries.blueprint.core/1.4.4
[                          main] Activator                      INFO  Camel activator stopping
[                          main] Activator                      INFO  Camel activator stopped
[                          main] CamelBlueprintHelper           INFO  Deleting work directory target/bundles/1448057102740
]]></system-out>
  </testcase>
</testsuite>